<?xml version="1.0" encoding="UTF-8"?>
<testng-results ignored="0" total="1" passed="1" failed="0" skipped="0">
  <reporter-output>
  </reporter-output>
  <suite started-at="2022-07-07T18:47:54 IST" name="Default suite" finished-at="2022-07-07T18:48:27 IST" duration-ms="32856">
    <groups>
    </groups>
    <test started-at="2022-07-07T18:47:54 IST" name="Default test" finished-at="2022-07-07T18:48:27 IST" duration-ms="32856">
      <class name="com.Pantaloons.HomePage.Banner">
        <test-method is-config="true" signature="openapp()[pri:0, instance:com.Pantaloons.HomePage.Banner@e15b7e8]" started-at="2022-07-07T18:47:55 IST" name="openapp" finished-at="2022-07-07T18:48:16 IST" duration-ms="21136" status="PASS">
          <reporter-output>
          </reporter-output>
        </test-method> <!-- openapp -->
        <test-method signature="homePageMethod()[pri:0, instance:com.Pantaloons.HomePage.Banner@e15b7e8]" started-at="2022-07-07T18:48:16 IST" name="homePageMethod" finished-at="2022-07-07T18:48:24 IST" duration-ms="8712" status="PASS">
          <reporter-output>
          </reporter-output>
        </test-method> <!-- homePageMethod -->
        <test-method is-config="true" signature="closeApp()[pri:0, instance:com.Pantaloons.HomePage.Banner@e15b7e8]" started-at="2022-07-07T18:48:24 IST" name="closeApp" finished-at="2022-07-07T18:48:27 IST" duration-ms="2862" status="PASS">
          <reporter-output>
          </reporter-output>
        </test-method> <!-- closeApp -->
      </class> <!-- com.Pantaloons.HomePage.Banner -->
    </test> <!-- Default test -->
  </suite> <!-- Default suite -->
</testng-results>
